<?xml version="1.0" encoding="UTF-8"?>
<testng-results skipped="0" failed="0" ignored="0" total="1" passed="1">
  <reporter-output>
  </reporter-output>
  <suite name="BDD Test Suite1" duration-ms="41730" started-at="2020-06-29T09:54:29Z" finished-at="2020-06-29T09:55:11Z">
    <groups>
      <group name="cucumber">
        <method signature="AbstractTestNGCucumberTests.feature(cucumber.api.testng.CucumberFeatureWrapper)[pri:0, instance:com.qa.testrunner.TestRunner@1bce4f0a]" name="feature" class="cucumber.api.testng.AbstractTestNGCucumberTests"/>
      </group> <!-- cucumber -->
    </groups>
    <test name="Login and dashboard test" duration-ms="41730" started-at="2020-06-29T09:54:29Z" finished-at="2020-06-29T09:55:11Z">
      <class name="com.qa.testrunner.TestRunner">
        <test-method status="PASS" signature="setUpClass()[pri:0, instance:com.qa.testrunner.TestRunner@1bce4f0a]" name="setUpClass" is-config="true" duration-ms="171" started-at="2020-06-29T04:54:29Z" finished-at="2020-06-29T04:54:29Z">
          <reporter-output>
          </reporter-output>
        </test-method> <!-- setUpClass -->
        <test-method status="PASS" signature="feature(cucumber.api.testng.CucumberFeatureWrapper)[pri:0, instance:com.qa.testrunner.TestRunner@1bce4f0a]" name="feature" duration-ms="41490" started-at="2020-06-29T04:54:29Z" description="Runs Cucumber Feature" data-provider="features" finished-at="2020-06-29T04:55:11Z">
          <params>
            <param index="0">
              <value>
                <![CDATA[OrangHRM Application Test]]>
              </value>
            </param>
          </params>
          <reporter-output>
          </reporter-output>
        </test-method> <!-- feature -->
        <test-method status="PASS" signature="tearDownClass()[pri:0, instance:com.qa.testrunner.TestRunner@1bce4f0a]" name="tearDownClass" is-config="true" duration-ms="2" started-at="2020-06-29T04:55:11Z" finished-at="2020-06-29T04:55:11Z">
          <reporter-output>
          </reporter-output>
        </test-method> <!-- tearDownClass -->
      </class> <!-- com.qa.testrunner.TestRunner -->
    </test> <!-- Login and dashboard test -->
  </suite> <!-- BDD Test Suite1 -->
</testng-results>
